<?xml version="1.0" encoding="UTF-8"?>
<coverage generated="1554610042">
  <project timestamp="1554610042">
    <package name="camilord\AlphaOneAPI">
      <file name="J:\localhost\github\alphaone_api\src\AlphaOneAPI/APIConfig.php">
        <class name="APIConfig" namespace="camilord\AlphaOneAPI" fullPackage="camilord" package="camilord">
          <metrics complexity="10" methods="7" coveredmethods="6" conditionals="0" coveredconditionals="0" statements="14" coveredstatements="13" elements="21" coveredelements="19"/>
        </class>
        <line num="38" type="method" name="__construct" visibility="public" complexity="4" crap="4.05" count="9"/>
        <line num="40" type="stmt" count="9"/>
        <line num="41" type="stmt" count="1"/>
        <line num="44" type="stmt" count="8"/>
        <line num="45" type="stmt" count="8"/>
        <line num="46" type="stmt" count="8"/>
        <line num="48" type="stmt" count="0"/>
        <line num="50" type="stmt" count="8"/>
        <line num="55" type="method" name="getCouncilUrl" visibility="public" complexity="1" crap="1" count="2"/>
        <line num="56" type="stmt" count="2"/>
        <line num="62" type="method" name="getApiUrl" visibility="public" complexity="1" crap="1" count="8"/>
        <line num="63" type="stmt" count="8"/>
        <line num="69" type="method" name="getUsername" visibility="public" complexity="1" crap="1" count="8"/>
        <line num="70" type="stmt" count="8"/>
        <line num="76" type="method" name="getSecretKey" visibility="public" complexity="1" crap="1" count="8"/>
        <line num="77" type="stmt" count="8"/>
        <line num="85" type="method" name="getSessionKey" visibility="public" complexity="1" crap="1" count="7"/>
        <line num="87" type="stmt" count="7"/>
        <line num="93" type="method" name="setSessionKey" visibility="public" complexity="1" crap="1" count="8"/>
        <line num="95" type="stmt" count="8"/>
        <line num="96" type="stmt" count="8"/>
        <metrics loc="96" ncloc="51" classes="1" methods="7" coveredmethods="6" conditionals="0" coveredconditionals="0" statements="14" coveredstatements="13" elements="21" coveredelements="19"/>
      </file>
      <file name="J:\localhost\github\alphaone_api\src\AlphaOneAPI/APIConstants.php">
        <class name="APIConstants" namespace="camilord\AlphaOneAPI" fullPackage="camilord" package="camilord">
          <metrics complexity="0" methods="0" coveredmethods="0" conditionals="0" coveredconditionals="0" statements="0" coveredstatements="0" elements="0" coveredelements="0"/>
        </class>
        <metrics loc="39" ncloc="22" classes="0" methods="0" coveredmethods="0" conditionals="0" coveredconditionals="0" statements="0" coveredstatements="0" elements="0" coveredelements="0"/>
      </file>
      <file name="J:\localhost\github\alphaone_api\src\AlphaOneAPI/AlphaOneAPI.php">
        <class name="AlphaOneAPI" namespace="camilord\AlphaOneAPI" fullPackage="camilord" package="camilord">
          <metrics complexity="14" methods="9" coveredmethods="8" conditionals="0" coveredconditionals="0" statements="30" coveredstatements="29" elements="39" coveredelements="37"/>
        </class>
        <line num="39" type="method" name="__construct" visibility="public" complexity="1" crap="1" count="9"/>
        <line num="42" type="stmt" count="9"/>
        <line num="45" type="stmt" count="8"/>
        <line num="46" type="stmt" count="8"/>
        <line num="51" type="method" name="init" visibility="private" complexity="2" crap="2.02" count="8"/>
        <line num="52" type="stmt" count="8"/>
        <line num="53" type="stmt" count="8"/>
        <line num="55" type="stmt" count="8"/>
        <line num="56" type="stmt" count="8"/>
        <line num="58" type="stmt" count="0"/>
        <line num="60" type="stmt" count="8"/>
        <line num="66" type="method" name="getProjectDetails" visibility="public" complexity="2" crap="2" count="1"/>
        <line num="67" type="stmt" count="1"/>
        <line num="68" type="stmt" count="1"/>
        <line num="70" type="stmt" count="1"/>
        <line num="77" type="method" name="getApplicationsAcceptedList" visibility="public" complexity="2" crap="2" count="1"/>
        <line num="78" type="stmt" count="1"/>
        <line num="79" type="stmt" count="1"/>
        <line num="81" type="stmt" count="1"/>
        <line num="88" type="method" name="getProjectsReadyOn" visibility="public" complexity="2" crap="2" count="1"/>
        <line num="89" type="stmt" count="1"/>
        <line num="90" type="stmt" count="1"/>
        <line num="92" type="stmt" count="1"/>
        <line num="101" type="method" name="markProjectDone" visibility="public" complexity="1" crap="1" count="1"/>
        <line num="103" type="stmt" count="1"/>
        <line num="104" type="stmt" count="1"/>
        <line num="106" type="stmt" count="1"/>
        <line num="107" type="stmt" count="1"/>
        <line num="109" type="stmt" count="1"/>
        <line num="116" type="method" name="getInvoice" visibility="public" complexity="2" crap="2" count="1"/>
        <line num="117" type="stmt" count="1"/>
        <line num="118" type="stmt" count="1"/>
        <line num="119" type="stmt" count="1"/>
        <line num="126" type="method" name="getDocumentFlatList" visibility="public" complexity="1" crap="1" count="1"/>
        <line num="127" type="stmt" count="1"/>
        <line num="128" type="stmt" count="1"/>
        <line num="135" type="method" name="getDocumentListByStages" visibility="public" complexity="1" crap="1" count="1"/>
        <line num="136" type="stmt" count="1"/>
        <line num="137" type="stmt" count="1"/>
        <metrics loc="138" ncloc="79" classes="1" methods="9" coveredmethods="8" conditionals="0" coveredconditionals="0" statements="30" coveredstatements="29" elements="39" coveredelements="37"/>
      </file>
    </package>
    <file name="J:\localhost\github\alphaone_api\src\AlphaOneAPI/Actions/ActionInterface.php">
      <metrics loc="29" ncloc="9" classes="0" methods="0" coveredmethods="0" conditionals="0" coveredconditionals="0" statements="0" coveredstatements="0" elements="0" coveredelements="0"/>
    </file>
    <package name="camilord\AlphaOneAPI\Actions">
      <file name="J:\localhost\github\alphaone_api\src\AlphaOneAPI/Actions/ApplicationsAcceptedList.php">
        <class name="ApplicationsAcceptedList" namespace="camilord\AlphaOneAPI\Actions" fullPackage="camilord" package="camilord">
          <metrics complexity="4" methods="3" coveredmethods="2" conditionals="0" coveredconditionals="0" statements="10" coveredstatements="8" elements="13" coveredelements="10"/>
        </class>
        <line num="32" type="method" name="__construct" visibility="public" complexity="1" crap="1" count="1"/>
        <line num="34" type="stmt" count="1"/>
        <line num="35" type="stmt" count="1"/>
        <line num="36" type="stmt" count="1"/>
        <line num="41" type="method" name="execute" visibility="public" complexity="2" crap="2.15" count="1"/>
        <line num="44" type="stmt" count="1"/>
        <line num="46" type="stmt" count="1"/>
        <line num="47" type="stmt" count="0"/>
        <line num="48" type="stmt" count="0"/>
        <line num="51" type="stmt" count="1"/>
        <line num="52" type="stmt" count="1"/>
        <line num="58" type="method" name="getResponse" visibility="public" complexity="1" crap="1" count="1"/>
        <line num="60" type="stmt" count="1"/>
        <metrics loc="61" ncloc="32" classes="1" methods="3" coveredmethods="2" conditionals="0" coveredconditionals="0" statements="10" coveredstatements="8" elements="13" coveredelements="10"/>
      </file>
      <file name="J:\localhost\github\alphaone_api\src\AlphaOneAPI/Actions/Authenticate.php">
        <class name="Authenticate" namespace="camilord\AlphaOneAPI\Actions" fullPackage="camilord" package="camilord">
          <metrics complexity="2" methods="2" coveredmethods="2" conditionals="0" coveredconditionals="0" statements="6" coveredstatements="6" elements="8" coveredelements="8"/>
        </class>
        <line num="27" type="method" name="execute" visibility="public" complexity="1" crap="1" count="8"/>
        <line num="29" type="stmt" count="8"/>
        <line num="30" type="stmt" count="8"/>
        <line num="32" type="stmt" count="8"/>
        <line num="33" type="stmt" count="8"/>
        <line num="35" type="stmt" count="8"/>
        <line num="41" type="method" name="getResponse" visibility="public" complexity="1" crap="1" count="8"/>
        <line num="43" type="stmt" count="8"/>
        <metrics loc="44" ncloc="24" classes="1" methods="2" coveredmethods="2" conditionals="0" coveredconditionals="0" statements="6" coveredstatements="6" elements="8" coveredelements="8"/>
      </file>
      <file name="J:\localhost\github\alphaone_api\src\AlphaOneAPI/Actions/BaseAction.php">
        <class name="BaseAction" namespace="camilord\AlphaOneAPI\Actions" fullPackage="camilord" package="camilord">
          <metrics complexity="6" methods="6" coveredmethods="5" conditionals="0" coveredconditionals="0" statements="10" coveredstatements="9" elements="16" coveredelements="14"/>
        </class>
        <line num="37" type="method" name="__construct" visibility="public" complexity="1" crap="1" count="8"/>
        <line num="39" type="stmt" count="8"/>
        <line num="40" type="stmt" count="8"/>
        <line num="45" type="method" name="getConfig" visibility="public" complexity="1" crap="1" count="8"/>
        <line num="46" type="stmt" count="8"/>
        <line num="52" type="method" name="getCredentialUrlParams" visibility="public" complexity="1" crap="2" count="0"/>
        <line num="53" type="stmt" count="0"/>
        <line num="56" type="method" name="getCredentialHeaderParams" visibility="public" complexity="1" crap="1" count="5"/>
        <line num="58" type="stmt" count="5"/>
        <line num="59" type="stmt" count="5"/>
        <line num="61" type="stmt" count="5"/>
        <line num="67" type="method" name="getServerResponse" visibility="public" complexity="1" crap="1" count="8"/>
        <line num="69" type="stmt" count="8"/>
        <line num="75" type="method" name="setServerResponse" visibility="public" complexity="1" crap="1" count="8"/>
        <line num="77" type="stmt" count="8"/>
        <line num="78" type="stmt" count="8"/>
        <metrics loc="78" ncloc="42" classes="1" methods="6" coveredmethods="5" conditionals="0" coveredconditionals="0" statements="10" coveredstatements="9" elements="16" coveredelements="14"/>
      </file>
      <file name="J:\localhost\github\alphaone_api\src\AlphaOneAPI/Actions/DocumentsList.php">
        <class name="DocumentsList" namespace="camilord\AlphaOneAPI\Actions" fullPackage="camilord" package="camilord">
          <metrics complexity="4" methods="3" coveredmethods="3" conditionals="0" coveredconditionals="0" statements="12" coveredstatements="12" elements="15" coveredelements="15"/>
        </class>
        <line num="44" type="method" name="__construct" visibility="public" complexity="1" crap="1" count="2"/>
        <line num="46" type="stmt" count="2"/>
        <line num="47" type="stmt" count="2"/>
        <line num="48" type="stmt" count="2"/>
        <line num="49" type="stmt" count="2"/>
        <line num="54" type="method" name="execute" visibility="public" complexity="2" crap="2" count="2"/>
        <line num="57" type="stmt" count="2"/>
        <line num="58" type="stmt" count="2"/>
        <line num="59" type="stmt" count="1"/>
        <line num="62" type="stmt" count="2"/>
        <line num="63" type="stmt" count="2"/>
        <line num="65" type="stmt" count="2"/>
        <line num="66" type="stmt" count="2"/>
        <line num="72" type="method" name="getResponse" visibility="public" complexity="1" crap="1" count="2"/>
        <line num="74" type="stmt" count="2"/>
        <metrics loc="75" ncloc="39" classes="1" methods="3" coveredmethods="3" conditionals="0" coveredconditionals="0" statements="12" coveredstatements="12" elements="15" coveredelements="15"/>
      </file>
      <file name="J:\localhost\github\alphaone_api\src\AlphaOneAPI/Actions/InvoiceDetails.php">
        <class name="InvoiceDetails" namespace="camilord\AlphaOneAPI\Actions">
          <metrics complexity="3" methods="3" coveredmethods="3" conditionals="0" coveredconditionals="0" statements="8" coveredstatements="8" elements="11" coveredelements="11"/>
        </class>
        <line num="32" type="method" name="__construct" visibility="public" complexity="1" crap="1" count="1"/>
        <line num="34" type="stmt" count="1"/>
        <line num="35" type="stmt" count="1"/>
        <line num="36" type="stmt" count="1"/>
        <line num="41" type="method" name="execute" visibility="public" complexity="1" crap="1" count="1"/>
        <line num="44" type="stmt" count="1"/>
        <line num="46" type="stmt" count="1"/>
        <line num="48" type="stmt" count="1"/>
        <line num="49" type="stmt" count="1"/>
        <line num="55" type="method" name="getResponse" visibility="public" complexity="1" crap="1" count="1"/>
        <line num="57" type="stmt" count="1"/>
        <metrics loc="58" ncloc="30" classes="1" methods="3" coveredmethods="3" conditionals="0" coveredconditionals="0" statements="8" coveredstatements="8" elements="11" coveredelements="11"/>
      </file>
      <file name="J:\localhost\github\alphaone_api\src\AlphaOneAPI/Actions/MarkProjectDone.php">
        <class name="MarkProjectDone" namespace="camilord\AlphaOneAPI\Actions" fullPackage="camilord" package="camilord">
          <metrics complexity="3" methods="3" coveredmethods="3" conditionals="0" coveredconditionals="0" statements="9" coveredstatements="9" elements="12" coveredelements="12"/>
        </class>
        <line num="41" type="method" name="__construct" visibility="public" complexity="1" crap="1" count="1"/>
        <line num="43" type="stmt" count="1"/>
        <line num="44" type="stmt" count="1"/>
        <line num="45" type="stmt" count="1"/>
        <line num="46" type="stmt" count="1"/>
        <line num="51" type="method" name="execute" visibility="public" complexity="1" crap="1" count="1"/>
        <line num="54" type="stmt" count="1"/>
        <line num="56" type="stmt" count="1"/>
        <line num="58" type="stmt" count="1"/>
        <line num="59" type="stmt" count="1"/>
        <line num="65" type="method" name="getResponse" visibility="public" complexity="1" crap="1" count="1"/>
        <line num="67" type="stmt" count="1"/>
        <metrics loc="68" ncloc="32" classes="1" methods="3" coveredmethods="3" conditionals="0" coveredconditionals="0" statements="9" coveredstatements="9" elements="12" coveredelements="12"/>
      </file>
      <file name="J:\localhost\github\alphaone_api\src\AlphaOneAPI/Actions/ProjectDetails.php">
        <class name="ProjectDetails" namespace="camilord\AlphaOneAPI\Actions" fullPackage="camilord" package="camilord">
          <metrics complexity="3" methods="3" coveredmethods="3" conditionals="0" coveredconditionals="0" statements="8" coveredstatements="8" elements="11" coveredelements="11"/>
        </class>
        <line num="33" type="method" name="__construct" visibility="public" complexity="1" crap="1" count="1"/>
        <line num="35" type="stmt" count="1"/>
        <line num="36" type="stmt" count="1"/>
        <line num="37" type="stmt" count="1"/>
        <line num="42" type="method" name="execute" visibility="public" complexity="1" crap="1" count="1"/>
        <line num="44" type="stmt" count="1"/>
        <line num="45" type="stmt" count="1"/>
        <line num="47" type="stmt" count="1"/>
        <line num="48" type="stmt" count="1"/>
        <line num="54" type="method" name="getResponse" visibility="public" complexity="1" crap="1" count="1"/>
        <line num="56" type="stmt" count="1"/>
        <metrics loc="57" ncloc="32" classes="1" methods="3" coveredmethods="3" conditionals="0" coveredconditionals="0" statements="8" coveredstatements="8" elements="11" coveredelements="11"/>
      </file>
      <file name="J:\localhost\github\alphaone_api\src\AlphaOneAPI/Actions/ProjectsReadyOn.php">
        <class name="ProjectsReadyOn" namespace="camilord\AlphaOneAPI\Actions" fullPackage="camilord" package="camilord">
          <metrics complexity="4" methods="3" coveredmethods="3" conditionals="0" coveredconditionals="0" statements="9" coveredstatements="9" elements="12" coveredelements="12"/>
        </class>
        <line num="32" type="method" name="__construct" visibility="public" complexity="1" crap="1" count="1"/>
        <line num="34" type="stmt" count="1"/>
        <line num="35" type="stmt" count="1"/>
        <line num="36" type="stmt" count="1"/>
        <line num="41" type="method" name="execute" visibility="public" complexity="2" crap="2" count="1"/>
        <line num="44" type="stmt" count="1"/>
        <line num="46" type="stmt" count="1"/>
        <line num="47" type="stmt" count="1"/>
        <line num="49" type="stmt" count="1"/>
        <line num="50" type="stmt" count="1"/>
        <line num="56" type="method" name="getResponse" visibility="public" complexity="1" crap="1" count="1"/>
        <line num="58" type="stmt" count="1"/>
        <metrics loc="59" ncloc="30" classes="1" methods="3" coveredmethods="3" conditionals="0" coveredconditionals="0" statements="9" coveredstatements="9" elements="12" coveredelements="12"/>
      </file>
    </package>
    <package name="AlphaOneAPI">
      <file name="J:\localhost\github\alphaone_api\src\AlphaOneAPI/FormConstants.php">
        <class name="FormConstants" namespace="AlphaOneAPI" fullPackage="camilord" package="camilord">
          <metrics complexity="0" methods="0" coveredmethods="0" conditionals="0" coveredconditionals="0" statements="0" coveredstatements="0" elements="0" coveredelements="0"/>
        </class>
        <metrics loc="26" ncloc="12" classes="0" methods="0" coveredmethods="0" conditionals="0" coveredconditionals="0" statements="0" coveredstatements="0" elements="0" coveredelements="0"/>
      </file>
    </package>
    <package name="camilord\AlphaOneAPI\Utils">
      <file name="J:\localhost\github\alphaone_api\src\AlphaOneAPI/Utils/CurlUtil.php">
        <class name="CurlUtil" namespace="camilord\AlphaOneAPI\Utils" fullPackage="camilord" package="camilord">
          <metrics complexity="10" methods="2" coveredmethods="0" conditionals="0" coveredconditionals="0" statements="45" coveredstatements="41" elements="47" coveredelements="41"/>
        </class>
        <line num="28" type="method" name="post" visibility="public" complexity="6" crap="6.07" count="1"/>
        <line num="29" type="stmt" count="1"/>
        <line num="30" type="stmt" count="1"/>
        <line num="31" type="stmt" count="1"/>
        <line num="32" type="stmt" count="1"/>
        <line num="33" type="stmt" count="1"/>
        <line num="34" type="stmt" count="1"/>
        <line num="36" type="stmt" count="0"/>
        <line num="38" type="stmt" count="1"/>
        <line num="39" type="stmt" count="1"/>
        <line num="40" type="stmt" count="1"/>
        <line num="41" type="stmt" count="1"/>
        <line num="42" type="stmt" count="1"/>
        <line num="43" type="stmt" count="1"/>
        <line num="44" type="stmt" count="1"/>
        <line num="46" type="stmt" count="0"/>
        <line num="48" type="stmt" count="1"/>
        <line num="49" type="stmt" count="1"/>
        <line num="51" type="stmt" count="1"/>
        <line num="52" type="stmt" count="1"/>
        <line num="53" type="stmt" count="1"/>
        <line num="54" type="stmt" count="1"/>
        <line num="57" type="stmt" count="1"/>
        <line num="58" type="stmt" count="0"/>
        <line num="60" type="stmt" count="1"/>
        <line num="70" type="method" name="get" visibility="public" complexity="4" crap="4" count="6"/>
        <line num="71" type="stmt" count="6"/>
        <line num="72" type="stmt" count="6"/>
        <line num="73" type="stmt" count="6"/>
        <line num="74" type="stmt" count="6"/>
        <line num="75" type="stmt" count="4"/>
        <line num="76" type="stmt" count="4"/>
        <line num="78" type="stmt" count="2"/>
        <line num="80" type="stmt" count="6"/>
        <line num="81" type="stmt" count="6"/>
        <line num="82" type="stmt" count="6"/>
        <line num="83" type="stmt" count="6"/>
        <line num="84" type="stmt" count="6"/>
        <line num="85" type="stmt" count="6"/>
        <line num="86" type="stmt" count="6"/>
        <line num="88" type="stmt" count="6"/>
        <line num="89" type="stmt" count="4"/>
        <line num="90" type="stmt" count="4"/>
        <line num="91" type="stmt" count="4"/>
        <line num="94" type="stmt" count="6"/>
        <line num="95" type="stmt" count="0"/>
        <line num="97" type="stmt" count="6"/>
        <metrics loc="99" ncloc="66" classes="1" methods="2" coveredmethods="0" conditionals="0" coveredconditionals="0" statements="45" coveredstatements="41" elements="47" coveredelements="41"/>
      </file>
    </package>
    <metrics files="14" loc="927" ncloc="500" classes="11" methods="44" coveredmethods="38" conditionals="0" coveredconditionals="0" statements="161" coveredstatements="152" elements="205" coveredelements="190"/>
  </project>
</coverage>
