<?xml version="1.0" encoding="UTF-8"?>
<coverage generated="1554469626">
  <project timestamp="1554469626">
    <package name="camilord\AlphaOneAPI">
      <file name="J:\localhost\github\alphaone_api\src\AlphaOneAPI/APIConfig.php">
        <class name="APIConfig" namespace="camilord\AlphaOneAPI" fullPackage="AlphaOneAPI" package="AlphaOneAPI">
          <metrics complexity="9" methods="6" coveredmethods="5" conditionals="0" coveredconditionals="0" statements="13" coveredstatements="12" elements="19" coveredelements="17"/>
        </class>
        <line num="38" type="method" name="__construct" visibility="public" complexity="4" crap="4.05" count="3"/>
        <line num="40" type="stmt" count="3"/>
        <line num="41" type="stmt" count="1"/>
        <line num="44" type="stmt" count="2"/>
        <line num="45" type="stmt" count="2"/>
        <line num="46" type="stmt" count="2"/>
        <line num="48" type="stmt" count="0"/>
        <line num="50" type="stmt" count="2"/>
        <line num="55" type="method" name="getApiUrl" visibility="public" complexity="1" crap="1" count="2"/>
        <line num="56" type="stmt" count="2"/>
        <line num="62" type="method" name="getUsername" visibility="public" complexity="1" crap="1" count="2"/>
        <line num="63" type="stmt" count="2"/>
        <line num="69" type="method" name="getSecretKey" visibility="public" complexity="1" crap="1" count="2"/>
        <line num="70" type="stmt" count="2"/>
        <line num="78" type="method" name="getSessionKey" visibility="public" complexity="1" crap="1" count="1"/>
        <line num="80" type="stmt" count="1"/>
        <line num="86" type="method" name="setSessionKey" visibility="public" complexity="1" crap="1" count="2"/>
        <line num="88" type="stmt" count="2"/>
        <line num="89" type="stmt" count="2"/>
        <metrics loc="89" ncloc="47" classes="1" methods="6" coveredmethods="5" conditionals="0" coveredconditionals="0" statements="13" coveredstatements="12" elements="19" coveredelements="17"/>
      </file>
      <file name="J:\localhost\github\alphaone_api\src\AlphaOneAPI/APIConstants.php">
        <class name="APIConstants" namespace="camilord\AlphaOneAPI" fullPackage="AlphaOneAPI" package="AlphaOneAPI">
          <metrics complexity="0" methods="0" coveredmethods="0" conditionals="0" coveredconditionals="0" statements="0" coveredstatements="0" elements="0" coveredelements="0"/>
        </class>
        <metrics loc="39" ncloc="22" classes="0" methods="0" coveredmethods="0" conditionals="0" coveredconditionals="0" statements="0" coveredstatements="0" elements="0" coveredelements="0"/>
      </file>
      <file name="J:\localhost\github\alphaone_api\src\AlphaOneAPI/AlphaOneAPI.php">
        <class name="AlphaOneAPI" namespace="camilord\AlphaOneAPI" fullPackage="AlphaOneAPI" package="AlphaOneAPI">
          <metrics complexity="12" methods="9" coveredmethods="2" conditionals="0" coveredconditionals="0" statements="20" coveredstatements="11" elements="29" coveredelements="13"/>
        </class>
        <line num="35" type="method" name="__construct" visibility="public" complexity="1" crap="1" count="3"/>
        <line num="38" type="stmt" count="3"/>
        <line num="41" type="stmt" count="2"/>
        <line num="42" type="stmt" count="2"/>
        <line num="47" type="method" name="init" visibility="private" complexity="2" crap="2.02" count="2"/>
        <line num="48" type="stmt" count="2"/>
        <line num="49" type="stmt" count="2"/>
        <line num="51" type="stmt" count="2"/>
        <line num="52" type="stmt" count="2"/>
        <line num="54" type="stmt" count="0"/>
        <line num="56" type="stmt" count="2"/>
        <line num="62" type="method" name="getProjectDetails" visibility="public" complexity="2" crap="2" count="1"/>
        <line num="63" type="stmt" count="1"/>
        <line num="64" type="stmt" count="1"/>
        <line num="66" type="stmt" count="1"/>
        <line num="73" type="method" name="getApplicationsAcceptedList" visibility="public" complexity="2" crap="6" count="0"/>
        <line num="74" type="stmt" count="0"/>
        <line num="75" type="stmt" count="0"/>
        <line num="77" type="stmt" count="0"/>
        <line num="84" type="method" name="getProjectsReadyOn" visibility="public" complexity="1" crap="2" count="0"/>
        <line num="86" type="stmt" count="0"/>
        <line num="88" type="method" name="markProjectDone" visibility="public" complexity="1" crap="2" count="0"/>
        <line num="90" type="stmt" count="0"/>
        <line num="92" type="method" name="getInvoice" visibility="public" complexity="1" crap="2" count="0"/>
        <line num="94" type="stmt" count="0"/>
        <line num="96" type="method" name="getDocumentFlatList" visibility="public" complexity="1" crap="2" count="0"/>
        <line num="98" type="stmt" count="0"/>
        <line num="100" type="method" name="getDocumentListByStages" visibility="public" complexity="1" crap="2" count="0"/>
        <line num="102" type="stmt" count="0"/>
        <metrics loc="102" ncloc="61" classes="1" methods="9" coveredmethods="2" conditionals="0" coveredconditionals="0" statements="20" coveredstatements="11" elements="29" coveredelements="13"/>
      </file>
    </package>
    <file name="J:\localhost\github\alphaone_api\src\AlphaOneAPI/Actions/ActionInterface.php">
      <metrics loc="29" ncloc="9" classes="0" methods="0" coveredmethods="0" conditionals="0" coveredconditionals="0" statements="0" coveredstatements="0" elements="0" coveredelements="0"/>
    </file>
    <package name="camilord\AlphaOneAPI\Actions">
      <file name="J:\localhost\github\alphaone_api\src\AlphaOneAPI/Actions/ApplicationsAcceptedList.php">
        <class name="ApplicationsAcceptedList" namespace="camilord\AlphaOneAPI\Actions" fullPackage="AlphaOneAPI" package="AlphaOneAPI">
          <metrics complexity="4" methods="3" coveredmethods="0" conditionals="0" coveredconditionals="0" statements="17" coveredstatements="0" elements="20" coveredelements="0"/>
        </class>
        <line num="32" type="method" name="__construct" visibility="public" complexity="1" crap="2" count="0"/>
        <line num="33" type="stmt" count="0"/>
        <line num="34" type="stmt" count="0"/>
        <line num="35" type="stmt" count="0"/>
        <line num="36" type="stmt" count="0"/>
        <line num="41" type="method" name="execute" visibility="public" complexity="2" crap="6" count="0"/>
        <line num="42" type="stmt" count="0"/>
        <line num="44" type="stmt" count="0"/>
        <line num="46" type="stmt" count="0"/>
        <line num="47" type="stmt" count="0"/>
        <line num="48" type="stmt" count="0"/>
        <line num="49" type="stmt" count="0"/>
        <line num="51" type="stmt" count="0"/>
        <line num="53" type="stmt" count="0"/>
        <line num="54" type="stmt" count="0"/>
        <line num="55" type="stmt" count="0"/>
        <line num="60" type="method" name="getResponse" visibility="public" complexity="1" crap="2" count="0"/>
        <line num="61" type="stmt" count="0"/>
        <line num="62" type="stmt" count="0"/>
        <line num="63" type="stmt" count="0"/>
        <metrics loc="63" ncloc="32" classes="1" methods="3" coveredmethods="0" conditionals="0" coveredconditionals="0" statements="17" coveredstatements="0" elements="20" coveredelements="0"/>
      </file>
      <file name="J:\localhost\github\alphaone_api\src\AlphaOneAPI/Actions/Authenticate.php">
        <class name="Authenticate" namespace="camilord\AlphaOneAPI\Actions" fullPackage="AlphaOneAPI" package="AlphaOneAPI">
          <metrics complexity="2" methods="2" coveredmethods="2" conditionals="0" coveredconditionals="0" statements="6" coveredstatements="6" elements="8" coveredelements="8"/>
        </class>
        <line num="27" type="method" name="execute" visibility="public" complexity="1" crap="1" count="2"/>
        <line num="29" type="stmt" count="2"/>
        <line num="30" type="stmt" count="2"/>
        <line num="32" type="stmt" count="2"/>
        <line num="33" type="stmt" count="2"/>
        <line num="35" type="stmt" count="2"/>
        <line num="41" type="method" name="getResponse" visibility="public" complexity="1" crap="1" count="2"/>
        <line num="43" type="stmt" count="2"/>
        <metrics loc="44" ncloc="24" classes="1" methods="2" coveredmethods="2" conditionals="0" coveredconditionals="0" statements="6" coveredstatements="6" elements="8" coveredelements="8"/>
      </file>
      <file name="J:\localhost\github\alphaone_api\src\AlphaOneAPI/Actions/BaseAction.php">
        <class name="BaseAction" namespace="camilord\AlphaOneAPI\Actions" fullPackage="AlphaOneAPI" package="AlphaOneAPI">
          <metrics complexity="5" methods="5" coveredmethods="5" conditionals="0" coveredconditionals="0" statements="7" coveredstatements="7" elements="12" coveredelements="12"/>
        </class>
        <line num="37" type="method" name="__construct" visibility="public" complexity="1" crap="1" count="2"/>
        <line num="39" type="stmt" count="2"/>
        <line num="40" type="stmt" count="2"/>
        <line num="45" type="method" name="getConfig" visibility="public" complexity="1" crap="1" count="2"/>
        <line num="46" type="stmt" count="2"/>
        <line num="52" type="method" name="getCredentialsUrlParam" visibility="public" complexity="1" crap="1" count="1"/>
        <line num="53" type="stmt" count="1"/>
        <line num="59" type="method" name="getServerResponse" visibility="public" complexity="1" crap="1" count="2"/>
        <line num="61" type="stmt" count="2"/>
        <line num="67" type="method" name="setServerResponse" visibility="public" complexity="1" crap="1" count="2"/>
        <line num="69" type="stmt" count="2"/>
        <line num="70" type="stmt" count="2"/>
        <metrics loc="70" ncloc="34" classes="1" methods="5" coveredmethods="5" conditionals="0" coveredconditionals="0" statements="7" coveredstatements="7" elements="12" coveredelements="12"/>
      </file>
      <file name="J:\localhost\github\alphaone_api\src\AlphaOneAPI/Actions/ProjectDetails.php">
        <class name="ProjectDetails" namespace="camilord\AlphaOneAPI\Actions" fullPackage="AlphaOneAPI" package="AlphaOneAPI">
          <metrics complexity="3" methods="3" coveredmethods="3" conditionals="0" coveredconditionals="0" statements="9" coveredstatements="9" elements="12" coveredelements="12"/>
        </class>
        <line num="33" type="method" name="__construct" visibility="public" complexity="1" crap="1" count="1"/>
        <line num="35" type="stmt" count="1"/>
        <line num="36" type="stmt" count="1"/>
        <line num="37" type="stmt" count="1"/>
        <line num="42" type="method" name="execute" visibility="public" complexity="1" crap="1" count="1"/>
        <line num="44" type="stmt" count="1"/>
        <line num="45" type="stmt" count="1"/>
        <line num="46" type="stmt" count="1"/>
        <line num="48" type="stmt" count="1"/>
        <line num="49" type="stmt" count="1"/>
        <line num="55" type="method" name="getResponse" visibility="public" complexity="1" crap="1" count="1"/>
        <line num="57" type="stmt" count="1"/>
        <metrics loc="58" ncloc="33" classes="1" methods="3" coveredmethods="3" conditionals="0" coveredconditionals="0" statements="9" coveredstatements="9" elements="12" coveredelements="12"/>
      </file>
    </package>
    <package name="AlphaOneAPI">
      <file name="J:\localhost\github\alphaone_api\src\AlphaOneAPI/FormConstants.php">
        <class name="FormConstants" namespace="AlphaOneAPI" fullPackage="AlphaOneAPI" package="AlphaOneAPI">
          <metrics complexity="0" methods="0" coveredmethods="0" conditionals="0" coveredconditionals="0" statements="0" coveredstatements="0" elements="0" coveredelements="0"/>
        </class>
        <metrics loc="26" ncloc="12" classes="0" methods="0" coveredmethods="0" conditionals="0" coveredconditionals="0" statements="0" coveredstatements="0" elements="0" coveredelements="0"/>
      </file>
    </package>
    <metrics files="9" loc="520" ncloc="274" classes="6" methods="28" coveredmethods="17" conditionals="0" coveredconditionals="0" statements="72" coveredstatements="45" elements="100" coveredelements="62"/>
  </project>
</coverage>
